This is pdfTeX, Version 3.141592653-2.6-1.40.26 (TeX Live 2024/nixos.org) (preloaded format=pdflatex 1980.1.1)  10 DEC 2025 14:38
entering extended mode
 restricted \write18 enabled.
 file:line:error style messages enabled.
 %&-line parsing enabled.
**main.tex
(./main.tex
LaTeX2e <2024-11-01> patch level 2
L3 programming layer <2025-01-18>
(/nix/store/8syl4l5c0115q6pd6qg2a01xbxzd40ry-texlive-2024-env-texmfdist/tex/latex/base/article.cls
Document Class: article 2024/06/29 v1.4n Standard LaTeX document class
(/nix/store/8syl4l5c0115q6pd6qg2a01xbxzd40ry-texlive-2024-env-texmfdist/tex/latex/base/size12.clo
File: size12.clo 2024/06/29 v1.4n Standard LaTeX file (size option)
)
\c@part=\count196
\c@section=\count197
\c@subsection=\count198
\c@subsubsection=\count199
\c@paragraph=\count266
\c@subparagraph=\count267
\c@figure=\count268
\c@table=\count269
\abovecaptionskip=\skip49
\belowcaptionskip=\skip50
\bibindent=\dimen141
)

LaTeX Warning: \include should only be used after \begin{document} on input line 4.

(./packages.tex (/nix/store/8syl4l5c0115q6pd6qg2a01xbxzd40ry-texlive-2024-env-texmfdist/tex/latex/base/fontenc.sty
Package: fontenc 2021/04/29 v2.0v Standard LaTeX package
) (/nix/store/8syl4l5c0115q6pd6qg2a01xbxzd40ry-texlive-2024-env-texmfdist/tex/latex/base/inputenc.sty
Package: inputenc 2024/02/08 v1.3d Input encoding file
\inpenc@prehook=\toks17
\inpenc@posthook=\toks18
) (/nix/store/8syl4l5c0115q6pd6qg2a01xbxzd40ry-texlive-2024-env-texmfdist/tex/generic/babel/babel.sty
Package: babel 2025/02/14 v25.4 The multilingual framework for pdfLaTeX, LuaLaTeX and XeLaTeX
\babel@savecnt=\count270
\U@D=\dimen142
\l@unhyphenated=\language90
 (/nix/store/8syl4l5c0115q6pd6qg2a01xbxzd40ry-texlive-2024-env-texmfdist/tex/generic/babel/txtbabel.def)
\bbl@readstream=\read2
\bbl@dirlevel=\count271
 (/nix/store/8syl4l5c0115q6pd6qg2a01xbxzd40ry-texlive-2024-env-texmfdist/tex/generic/babel-polish/polish.ldf
Language: polish 2022/03/12 1.3 Babel support for Polish
Package babel Info: Making " an active character on input line 101.
)) (/nix/store/8syl4l5c0115q6pd6qg2a01xbxzd40ry-texlive-2024-env-texmfdist/tex/generic/babel/locale/pl/babel-polish.tex
Package babel Info: Importing font and identification data for polish
(babel)             from babel-pl.ini. Reported on input line 11.
) (/nix/store/8syl4l5c0115q6pd6qg2a01xbxzd40ry-texlive-2024-env-texmfdist/tex/latex/lm/lmodern.sty
Package: lmodern 2015/05/01 v1.6.1 Latin Modern Fonts
LaTeX Font Info:    Overwriting symbol font `operators' in version `normal'
(Font)                  OT1/cmr/m/n --> OT1/lmr/m/n on input line 22.
LaTeX Font Info:    Overwriting symbol font `letters' in version `normal'
(Font)                  OML/cmm/m/it --> OML/lmm/m/it on input line 23.
LaTeX Font Info:    Overwriting symbol font `symbols' in version `normal'
(Font)                  OMS/cmsy/m/n --> OMS/lmsy/m/n on input line 24.
LaTeX Font Info:    Overwriting symbol font `largesymbols' in version `normal'
(Font)                  OMX/cmex/m/n --> OMX/lmex/m/n on input line 25.
LaTeX Font Info:    Overwriting symbol font `operators' in version `bold'
(Font)                  OT1/cmr/bx/n --> OT1/lmr/bx/n on input line 26.
LaTeX Font Info:    Overwriting symbol font `letters' in version `bold'
(Font)                  OML/cmm/b/it --> OML/lmm/b/it on input line 27.
LaTeX Font Info:    Overwriting symbol font `symbols' in version `bold'
(Font)                  OMS/cmsy/b/n --> OMS/lmsy/b/n on input line 28.
LaTeX Font Info:    Overwriting symbol font `largesymbols' in version `bold'
(Font)                  OMX/cmex/m/n --> OMX/lmex/m/n on input line 29.
LaTeX Font Info:    Overwriting math alphabet `\mathbf' in version `normal'
(Font)                  OT1/cmr/bx/n --> OT1/lmr/bx/n on input line 31.
LaTeX Font Info:    Overwriting math alphabet `\mathsf' in version `normal'
(Font)                  OT1/cmss/m/n --> OT1/lmss/m/n on input line 32.
LaTeX Font Info:    Overwriting math alphabet `\mathit' in version `normal'
(Font)                  OT1/cmr/m/it --> OT1/lmr/m/it on input line 33.
LaTeX Font Info:    Overwriting math alphabet `\mathtt' in version `normal'
(Font)                  OT1/cmtt/m/n --> OT1/lmtt/m/n on input line 34.
LaTeX Font Info:    Overwriting math alphabet `\mathbf' in version `bold'
(Font)                  OT1/cmr/bx/n --> OT1/lmr/bx/n on input line 35.
LaTeX Font Info:    Overwriting math alphabet `\mathsf' in version `bold'
(Font)                  OT1/cmss/bx/n --> OT1/lmss/bx/n on input line 36.
LaTeX Font Info:    Overwriting math alphabet `\mathit' in version `bold'
(Font)                  OT1/cmr/bx/it --> OT1/lmr/bx/it on input line 37.
LaTeX Font Info:    Overwriting math alphabet `\mathtt' in version `bold'
(Font)                  OT1/cmtt/m/n --> OT1/lmtt/m/n on input line 38.
) (/nix/store/8syl4l5c0115q6pd6qg2a01xbxzd40ry-texlive-2024-env-texmfdist/tex/latex/psnfss/mathptmx.sty
Package: mathptmx 2020/03/25 PSNFSS-v9.3 Times w/ Math, improved (SPQR, WaS) 
LaTeX Font Info:    Redeclaring symbol font `operators' on input line 28.
LaTeX Font Info:    Overwriting symbol font `operators' in version `normal'
(Font)                  OT1/lmr/m/n --> OT1/ztmcm/m/n on input line 28.
LaTeX Font Info:    Overwriting symbol font `operators' in version `bold'
(Font)                  OT1/lmr/bx/n --> OT1/ztmcm/m/n on input line 28.
LaTeX Font Info:    Redeclaring symbol font `letters' on input line 29.
LaTeX Font Info:    Overwriting symbol font `letters' in version `normal'
(Font)                  OML/lmm/m/it --> OML/ztmcm/m/it on input line 29.
LaTeX Font Info:    Overwriting symbol font `letters' in version `bold'
(Font)                  OML/lmm/b/it --> OML/ztmcm/m/it on input line 29.
LaTeX Font Info:    Redeclaring symbol font `symbols' on input line 30.
LaTeX Font Info:    Overwriting symbol font `symbols' in version `normal'
(Font)                  OMS/lmsy/m/n --> OMS/ztmcm/m/n on input line 30.
LaTeX Font Info:    Overwriting symbol font `symbols' in version `bold'
(Font)                  OMS/lmsy/b/n --> OMS/ztmcm/m/n on input line 30.
LaTeX Font Info:    Redeclaring symbol font `largesymbols' on input line 31.
LaTeX Font Info:    Overwriting symbol font `largesymbols' in version `normal'
(Font)                  OMX/lmex/m/n --> OMX/ztmcm/m/n on input line 31.
LaTeX Font Info:    Overwriting symbol font `largesymbols' in version `bold'
(Font)                  OMX/lmex/m/n --> OMX/ztmcm/m/n on input line 31.
\symbold=\mathgroup4
\symitalic=\mathgroup5
LaTeX Font Info:    Redeclaring math alphabet \mathbf on input line 34.
LaTeX Font Info:    Overwriting math alphabet `\mathbf' in version `normal'
(Font)                  OT1/lmr/bx/n --> OT1/ptm/bx/n on input line 34.
LaTeX Font Info:    Overwriting math alphabet `\mathbf' in version `bold'
(Font)                  OT1/lmr/bx/n --> OT1/ptm/bx/n on input line 34.
LaTeX Font Info:    Redeclaring math alphabet \mathit on input line 35.
LaTeX Font Info:    Overwriting math alphabet `\mathit' in version `normal'
(Font)                  OT1/lmr/m/it --> OT1/ptm/m/it on input line 35.
LaTeX Font Info:    Overwriting math alphabet `\mathit' in version `bold'
(Font)                  OT1/lmr/bx/it --> OT1/ptm/m/it on input line 35.
LaTeX Info: Redefining \hbar on input line 50.
) (/nix/store/8syl4l5c0115q6pd6qg2a01xbxzd40ry-texlive-2024-env-texmfdist/tex/latex/amsmath/amsmath.sty
Package: amsmath 2024/11/05 v2.17t AMS math features
\@mathmargin=\skip51

For additional information on amsmath, use the `?' option.
(/nix/store/8syl4l5c0115q6pd6qg2a01xbxzd40ry-texlive-2024-env-texmfdist/tex/latex/amsmath/amstext.sty
Package: amstext 2021/08/26 v2.01 AMS text
 (/nix/store/8syl4l5c0115q6pd6qg2a01xbxzd40ry-texlive-2024-env-texmfdist/tex/latex/amsmath/amsgen.sty
File: amsgen.sty 1999/11/30 v2.0 generic functions
\@emptytoks=\toks19
\ex@=\dimen143
)) (/nix/store/8syl4l5c0115q6pd6qg2a01xbxzd40ry-texlive-2024-env-texmfdist/tex/latex/amsmath/amsbsy.sty
Package: amsbsy 1999/11/29 v1.2d Bold Symbols
\pmbraise@=\dimen144
) (/nix/store/8syl4l5c0115q6pd6qg2a01xbxzd40ry-texlive-2024-env-texmfdist/tex/latex/amsmath/amsopn.sty
Package: amsopn 2022/04/08 v2.04 operator names
)
\inf@bad=\count272
LaTeX Info: Redefining \frac on input line 233.
\uproot@=\count273
\leftroot@=\count274
LaTeX Info: Redefining \overline on input line 398.
LaTeX Info: Redefining \colon on input line 409.
\classnum@=\count275
\DOTSCASE@=\count276
LaTeX Info: Redefining \ldots on input line 495.
LaTeX Info: Redefining \dots on input line 498.
LaTeX Info: Redefining \cdots on input line 619.
\Mathstrutbox@=\box52
\strutbox@=\box53
LaTeX Info: Redefining \big on input line 721.
LaTeX Info: Redefining \Big on input line 722.
LaTeX Info: Redefining \bigg on input line 723.
LaTeX Info: Redefining \Bigg on input line 724.
\big@size=\dimen145
LaTeX Font Info:    Redeclaring font encoding OML on input line 742.
LaTeX Font Info:    Redeclaring font encoding OMS on input line 743.
\macc@depth=\count277
LaTeX Info: Redefining \bmod on input line 904.
LaTeX Info: Redefining \pmod on input line 909.
LaTeX Info: Redefining \smash on input line 939.
LaTeX Info: Redefining \relbar on input line 969.
LaTeX Info: Redefining \Relbar on input line 970.
\c@MaxMatrixCols=\count278
\dotsspace@=\muskip17
\c@parentequation=\count279
\dspbrk@lvl=\count280
\tag@help=\toks20
\row@=\count281
\column@=\count282
\maxfields@=\count283
\andhelp@=\toks21
\eqnshift@=\dimen146
\alignsep@=\dimen147
\tagshift@=\dimen148
\tagwidth@=\dimen149
\totwidth@=\dimen150
\lineht@=\dimen151
\@envbody=\toks22
\multlinegap=\skip52
\multlinetaggap=\skip53
\mathdisplay@stack=\toks23
LaTeX Info: Redefining \[ on input line 2953.
LaTeX Info: Redefining \] on input line 2954.
) (/nix/store/8syl4l5c0115q6pd6qg2a01xbxzd40ry-texlive-2024-env-texmfdist/tex/latex/amsfonts/amssymb.sty
Package: amssymb 2013/01/14 v3.01 AMS font symbols
 (/nix/store/8syl4l5c0115q6pd6qg2a01xbxzd40ry-texlive-2024-env-texmfdist/tex/latex/amsfonts/amsfonts.sty
Package: amsfonts 2013/01/14 v3.01 Basic AMSFonts support
\symAMSa=\mathgroup6
\symAMSb=\mathgroup7
LaTeX Font Info:    Overwriting math alphabet `\mathfrak' in version `bold'
(Font)                  U/euf/m/n --> U/euf/b/n on input line 106.
)) (/nix/store/8syl4l5c0115q6pd6qg2a01xbxzd40ry-texlive-2024-env-texmfdist/tex/latex/graphics/graphicx.sty
Package: graphicx 2021/09/16 v1.2d Enhanced LaTeX Graphics (DPC,SPQR)
 (/nix/store/8syl4l5c0115q6pd6qg2a01xbxzd40ry-texlive-2024-env-texmfdist/tex/latex/graphics/keyval.sty
Package: keyval 2022/05/29 v1.15 key=value parser (DPC)
\KV@toks@=\toks24
) (/nix/store/8syl4l5c0115q6pd6qg2a01xbxzd40ry-texlive-2024-env-texmfdist/tex/latex/graphics/graphics.sty
Package: graphics 2024/08/06 v1.4g Standard LaTeX Graphics (DPC,SPQR)
 (/nix/store/8syl4l5c0115q6pd6qg2a01xbxzd40ry-texlive-2024-env-texmfdist/tex/latex/graphics/trig.sty
Package: trig 2023/12/02 v1.11 sin cos tan (DPC)
) (/nix/store/8syl4l5c0115q6pd6qg2a01xbxzd40ry-texlive-2024-env-texmfdist/tex/latex/graphics-cfg/graphics.cfg
File: graphics.cfg 2016/06/04 v1.11 sample graphics configuration
)
Package graphics Info: Driver file: pdftex.def on input line 106.
 (/nix/store/8syl4l5c0115q6pd6qg2a01xbxzd40ry-texlive-2024-env-texmfdist/tex/latex/graphics-def/pdftex.def
File: pdftex.def 2024/04/13 v1.2c Graphics/color driver for pdftex
))
\Gin@req@height=\dimen152
\Gin@req@width=\dimen153
) (/nix/store/8syl4l5c0115q6pd6qg2a01xbxzd40ry-texlive-2024-env-texmfdist/tex/latex/tools/indentfirst.sty
Package: indentfirst 2023/07/02 v1.03 Indent first paragraph (DPC)
) (/nix/store/8syl4l5c0115q6pd6qg2a01xbxzd40ry-texlive-2024-env-texmfdist/tex/latex/anysize/anysize.sty
Package: anysize 1994/08/13 setting margin sizes

document style option `anysize' loaded
Michael Salzenberg, Thomas Esser, Dirk Hillbrecht
Version 1.0, Aug 13, 1994
\@Leftmargin=\dimen154
\@Rightmargin=\dimen155
\@Topmargin=\dimen156
\@Bottommargin=\dimen157
) (/nix/store/8syl4l5c0115q6pd6qg2a01xbxzd40ry-texlive-2024-env-texmfdist/tex/latex/setspace/setspace.sty
Package: setspace 2022/12/04 v6.7b set line spacing
) (/nix/store/8syl4l5c0115q6pd6qg2a01xbxzd40ry-texlive-2024-env-texmfdist/tex/latex/pgf/utilities/pgffor.sty (/nix/store/8syl4l5c0115q6pd6qg2a01xbxzd40ry-texlive-2024-env-texmfdist/tex/latex/pgf/utilities/pgfrcs.sty (/nix/store/8syl4l5c0115q6pd6qg2a01xbxzd40ry-texlive-2024-env-texmfdist/tex/generic/pgf/utilities/pgfutil-common.tex
\pgfutil@everybye=\toks25
\pgfutil@tempdima=\dimen158
\pgfutil@tempdimb=\dimen159
) (/nix/store/8syl4l5c0115q6pd6qg2a01xbxzd40ry-texlive-2024-env-texmfdist/tex/generic/pgf/utilities/pgfutil-latex.def
\pgfutil@abb=\box54
) (/nix/store/8syl4l5c0115q6pd6qg2a01xbxzd40ry-texlive-2024-env-texmfdist/tex/generic/pgf/utilities/pgfrcs.code.tex (/nix/store/8syl4l5c0115q6pd6qg2a01xbxzd40ry-texlive-2024-env-texmfdist/tex/generic/pgf/pgf.revision.tex)
Package: pgfrcs 2023-01-15 v3.1.10 (3.1.10)
)) (/nix/store/8syl4l5c0115q6pd6qg2a01xbxzd40ry-texlive-2024-env-texmfdist/tex/latex/pgf/utilities/pgfkeys.sty (/nix/store/8syl4l5c0115q6pd6qg2a01xbxzd40ry-texlive-2024-env-texmfdist/tex/generic/pgf/utilities/pgfkeys.code.tex
\pgfkeys@pathtoks=\toks26
\pgfkeys@temptoks=\toks27
 (/nix/store/8syl4l5c0115q6pd6qg2a01xbxzd40ry-texlive-2024-env-texmfdist/tex/generic/pgf/utilities/pgfkeyslibraryfiltered.code.tex
\pgfkeys@tmptoks=\toks28
))) (/nix/store/8syl4l5c0115q6pd6qg2a01xbxzd40ry-texlive-2024-env-texmfdist/tex/latex/pgf/math/pgfmath.sty (/nix/store/8syl4l5c0115q6pd6qg2a01xbxzd40ry-texlive-2024-env-texmfdist/tex/generic/pgf/math/pgfmath.code.tex (/nix/store/8syl4l5c0115q6pd6qg2a01xbxzd40ry-texlive-2024-env-texmfdist/tex/generic/pgf/math/pgfmathutil.code.tex
\pgf@x=\dimen160
\pgf@xa=\dimen161
\pgf@xb=\dimen162
\pgf@xc=\dimen163
\pgf@y=\dimen164
\pgf@ya=\dimen165
\pgf@yb=\dimen166
\pgf@yc=\dimen167
\c@pgf@counta=\count284
\c@pgf@countb=\count285
\c@pgf@countc=\count286
\c@pgf@countd=\count287
) (/nix/store/8syl4l5c0115q6pd6qg2a01xbxzd40ry-texlive-2024-env-texmfdist/tex/generic/pgf/math/pgfmathparser.code.tex
\pgfmath@dimen=\dimen168
\pgfmath@count=\count288
\pgfmath@box=\box55
\pgfmath@toks=\toks29
\pgfmath@stack@operand=\toks30
\pgfmath@stack@operation=\toks31
) (/nix/store/8syl4l5c0115q6pd6qg2a01xbxzd40ry-texlive-2024-env-texmfdist/tex/generic/pgf/math/pgfmathfunctions.code.tex) (/nix/store/8syl4l5c0115q6pd6qg2a01xbxzd40ry-texlive-2024-env-texmfdist/tex/generic/pgf/math/pgfmathfunctions.basic.code.tex) (/nix/store/8syl4l5c0115q6pd6qg2a01xbxzd40ry-texlive-2024-env-texmfdist/tex/generic/pgf/math/pgfmathfunctions.trigonometric.code.tex)
(/nix/store/8syl4l5c0115q6pd6qg2a01xbxzd40ry-texlive-2024-env-texmfdist/tex/generic/pgf/math/pgfmathfunctions.random.code.tex) (/nix/store/8syl4l5c0115q6pd6qg2a01xbxzd40ry-texlive-2024-env-texmfdist/tex/generic/pgf/math/pgfmathfunctions.comparison.code.tex) (/nix/store/8syl4l5c0115q6pd6qg2a01xbxzd40ry-texlive-2024-env-texmfdist/tex/generic/pgf/math/pgfmathfunctions.base.code.tex) (/nix/store/8syl4l5c0115q6pd6qg2a01xbxzd40ry-texlive-2024-env-texmfdist/tex/generic/pgf/math/pgfmathfunctions.round.code.tex) (/nix/store/8syl4l5c0115q6pd6qg2a01xbxzd40ry-texlive-2024-env-texmfdist/tex/generic/pgf/math/pgfmathfunctions.misc.code.tex) (/nix/store/8syl4l5c0115q6pd6qg2a01xbxzd40ry-texlive-2024-env-texmfdist/tex/generic/pgf/math/pgfmathfunctions.integerarithmetics.code.tex) (/nix/store/8syl4l5c0115q6pd6qg2a01xbxzd40ry-texlive-2024-env-texmfdist/tex/generic/pgf/math/pgfmathcalc.code.tex) (/nix/store/8syl4l5c0115q6pd6qg2a01xbxzd40ry-texlive-2024-env-texmfdist/tex/generic/pgf/math/pgfmathfloat.code.tex
\c@pgfmathroundto@lastzeros=\count289
))) (/nix/store/8syl4l5c0115q6pd6qg2a01xbxzd40ry-texlive-2024-env-texmfdist/tex/generic/pgf/utilities/pgffor.code.tex
Package: pgffor 2023-01-15 v3.1.10 (3.1.10)
\pgffor@iter=\dimen169
\pgffor@skip=\dimen170
\pgffor@stack=\toks32
\pgffor@toks=\toks33
)) (/nix/store/8syl4l5c0115q6pd6qg2a01xbxzd40ry-texlive-2024-env-texmfdist/tex/latex/pgfplots/pgfplots.sty (/nix/store/8syl4l5c0115q6pd6qg2a01xbxzd40ry-texlive-2024-env-texmfdist/tex/generic/pgfplots/pgfplots.revision.tex)
Package: pgfplots 2021/05/15 v1.18.1 Data Visualization (1.18.1)
 (/nix/store/8syl4l5c0115q6pd6qg2a01xbxzd40ry-texlive-2024-env-texmfdist/tex/latex/pgf/frontendlayer/tikz.sty (/nix/store/8syl4l5c0115q6pd6qg2a01xbxzd40ry-texlive-2024-env-texmfdist/tex/latex/pgf/basiclayer/pgf.sty
Package: pgf 2023-01-15 v3.1.10 (3.1.10)
 (/nix/store/8syl4l5c0115q6pd6qg2a01xbxzd40ry-texlive-2024-env-texmfdist/tex/latex/pgf/basiclayer/pgfcore.sty (/nix/store/8syl4l5c0115q6pd6qg2a01xbxzd40ry-texlive-2024-env-texmfdist/tex/latex/pgf/systemlayer/pgfsys.sty (/nix/store/8syl4l5c0115q6pd6qg2a01xbxzd40ry-texlive-2024-env-texmfdist/tex/generic/pgf/systemlayer/pgfsys.code.tex
Package: pgfsys 2023-01-15 v3.1.10 (3.1.10)
\pgf@x=\dimen171
\pgf@y=\dimen172
\pgf@xa=\dimen173
\pgf@ya=\dimen174
\pgf@xb=\dimen175
\pgf@yb=\dimen176
\pgf@xc=\dimen177
\pgf@yc=\dimen178
\pgf@xd=\dimen179
\pgf@yd=\dimen180
\w@pgf@writea=\write3
\r@pgf@reada=\read3
\c@pgf@counta=\count290
\c@pgf@countb=\count291
\c@pgf@countc=\count292
\c@pgf@countd=\count293
\t@pgf@toka=\toks34
\t@pgf@tokb=\toks35
\t@pgf@tokc=\toks36
\pgf@sys@id@count=\count294
 (/nix/store/8syl4l5c0115q6pd6qg2a01xbxzd40ry-texlive-2024-env-texmfdist/tex/generic/pgf/systemlayer/pgf.cfg
File: pgf.cfg 2023-01-15 v3.1.10 (3.1.10)
)
Driver file for pgf: pgfsys-pdftex.def

(/nix/store/8syl4l5c0115q6pd6qg2a01xbxzd40ry-texlive-2024-env-texmfdist/tex/generic/pgf/systemlayer/pgfsys-pdftex.def
File: pgfsys-pdftex.def 2023-01-15 v3.1.10 (3.1.10)
 (/nix/store/8syl4l5c0115q6pd6qg2a01xbxzd40ry-texlive-2024-env-texmfdist/tex/generic/pgf/systemlayer/pgfsys-common-pdf.def
File: pgfsys-common-pdf.def 2023-01-15 v3.1.10 (3.1.10)
))) (/nix/store/8syl4l5c0115q6pd6qg2a01xbxzd40ry-texlive-2024-env-texmfdist/tex/generic/pgf/systemlayer/pgfsyssoftpath.code.tex
File: pgfsyssoftpath.code.tex 2023-01-15 v3.1.10 (3.1.10)
\pgfsyssoftpath@smallbuffer@items=\count295
\pgfsyssoftpath@bigbuffer@items=\count296
) (/nix/store/8syl4l5c0115q6pd6qg2a01xbxzd40ry-texlive-2024-env-texmfdist/tex/generic/pgf/systemlayer/pgfsysprotocol.code.tex
File: pgfsysprotocol.code.tex 2023-01-15 v3.1.10 (3.1.10)
)) (/nix/store/8syl4l5c0115q6pd6qg2a01xbxzd40ry-texlive-2024-env-texmfdist/tex/latex/xcolor/xcolor.sty
Package: xcolor 2024/09/29 v3.02 LaTeX color extensions (UK)
 (/nix/store/8syl4l5c0115q6pd6qg2a01xbxzd40ry-texlive-2024-env-texmfdist/tex/latex/graphics-cfg/color.cfg
File: color.cfg 2016/01/02 v1.6 sample color configuration
)
Package xcolor Info: Driver file: pdftex.def on input line 274.
 (/nix/store/8syl4l5c0115q6pd6qg2a01xbxzd40ry-texlive-2024-env-texmfdist/tex/latex/graphics/mathcolor.ltx)
Package xcolor Info: Model `cmy' substituted by `cmy0' on input line 1349.
Package xcolor Info: Model `hsb' substituted by `rgb' on input line 1353.
Package xcolor Info: Model `RGB' extended on input line 1365.
Package xcolor Info: Model `HTML' substituted by `rgb' on input line 1367.
Package xcolor Info: Model `Hsb' substituted by `hsb' on input line 1368.
Package xcolor Info: Model `tHsb' substituted by `hsb' on input line 1369.
Package xcolor Info: Model `HSB' substituted by `hsb' on input line 1370.
Package xcolor Info: Model `Gray' substituted by `gray' on input line 1371.
Package xcolor Info: Model `wave' substituted by `hsb' on input line 1372.
) (/nix/store/8syl4l5c0115q6pd6qg2a01xbxzd40ry-texlive-2024-env-texmfdist/tex/generic/pgf/basiclayer/pgfcore.code.tex
Package: pgfcore 2023-01-15 v3.1.10 (3.1.10)
 (/nix/store/8syl4l5c0115q6pd6qg2a01xbxzd40ry-texlive-2024-env-texmfdist/tex/generic/pgf/math/pgfint.code.tex) (/nix/store/8syl4l5c0115q6pd6qg2a01xbxzd40ry-texlive-2024-env-texmfdist/tex/generic/pgf/basiclayer/pgfcorepoints.code.tex
File: pgfcorepoints.code.tex 2023-01-15 v3.1.10 (3.1.10)
\pgf@picminx=\dimen181
\pgf@picmaxx=\dimen182
\pgf@picminy=\dimen183
\pgf@picmaxy=\dimen184
\pgf@pathminx=\dimen185
\pgf@pathmaxx=\dimen186
\pgf@pathminy=\dimen187
\pgf@pathmaxy=\dimen188
\pgf@xx=\dimen189
\pgf@xy=\dimen190
\pgf@yx=\dimen191
\pgf@yy=\dimen192
\pgf@zx=\dimen193
\pgf@zy=\dimen194
) (/nix/store/8syl4l5c0115q6pd6qg2a01xbxzd40ry-texlive-2024-env-texmfdist/tex/generic/pgf/basiclayer/pgfcorepathconstruct.code.tex
File: pgfcorepathconstruct.code.tex 2023-01-15 v3.1.10 (3.1.10)
\pgf@path@lastx=\dimen195
\pgf@path@lasty=\dimen196
) (/nix/store/8syl4l5c0115q6pd6qg2a01xbxzd40ry-texlive-2024-env-texmfdist/tex/generic/pgf/basiclayer/pgfcorepathusage.code.tex
File: pgfcorepathusage.code.tex 2023-01-15 v3.1.10 (3.1.10)
\pgf@shorten@end@additional=\dimen197
\pgf@shorten@start@additional=\dimen198
) (/nix/store/8syl4l5c0115q6pd6qg2a01xbxzd40ry-texlive-2024-env-texmfdist/tex/generic/pgf/basiclayer/pgfcorescopes.code.tex
File: pgfcorescopes.code.tex 2023-01-15 v3.1.10 (3.1.10)
\pgfpic=\box56
\pgf@hbox=\box57
\pgf@layerbox@main=\box58
\pgf@picture@serial@count=\count297
) (/nix/store/8syl4l5c0115q6pd6qg2a01xbxzd40ry-texlive-2024-env-texmfdist/tex/generic/pgf/basiclayer/pgfcoregraphicstate.code.tex
File: pgfcoregraphicstate.code.tex 2023-01-15 v3.1.10 (3.1.10)
\pgflinewidth=\dimen199
) (/nix/store/8syl4l5c0115q6pd6qg2a01xbxzd40ry-texlive-2024-env-texmfdist/tex/generic/pgf/basiclayer/pgfcoretransformations.code.tex
File: pgfcoretransformations.code.tex 2023-01-15 v3.1.10 (3.1.10)
\pgf@pt@x=\dimen256
\pgf@pt@y=\dimen257
\pgf@pt@temp=\dimen258
) (/nix/store/8syl4l5c0115q6pd6qg2a01xbxzd40ry-texlive-2024-env-texmfdist/tex/generic/pgf/basiclayer/pgfcorequick.code.tex
File: pgfcorequick.code.tex 2023-01-15 v3.1.10 (3.1.10)
)
(/nix/store/8syl4l5c0115q6pd6qg2a01xbxzd40ry-texlive-2024-env-texmfdist/tex/generic/pgf/basiclayer/pgfcoreobjects.code.tex
File: pgfcoreobjects.code.tex 2023-01-15 v3.1.10 (3.1.10)
) (/nix/store/8syl4l5c0115q6pd6qg2a01xbxzd40ry-texlive-2024-env-texmfdist/tex/generic/pgf/basiclayer/pgfcorepathprocessing.code.tex
File: pgfcorepathprocessing.code.tex 2023-01-15 v3.1.10 (3.1.10)
) (/nix/store/8syl4l5c0115q6pd6qg2a01xbxzd40ry-texlive-2024-env-texmfdist/tex/generic/pgf/basiclayer/pgfcorearrows.code.tex
File: pgfcorearrows.code.tex 2023-01-15 v3.1.10 (3.1.10)
\pgfarrowsep=\dimen259
) (/nix/store/8syl4l5c0115q6pd6qg2a01xbxzd40ry-texlive-2024-env-texmfdist/tex/generic/pgf/basiclayer/pgfcoreshade.code.tex
File: pgfcoreshade.code.tex 2023-01-15 v3.1.10 (3.1.10)
\pgf@max=\dimen260
\pgf@sys@shading@range@num=\count298
\pgf@shadingcount=\count299
) (/nix/store/8syl4l5c0115q6pd6qg2a01xbxzd40ry-texlive-2024-env-texmfdist/tex/generic/pgf/basiclayer/pgfcoreimage.code.tex
File: pgfcoreimage.code.tex 2023-01-15 v3.1.10 (3.1.10)
) (/nix/store/8syl4l5c0115q6pd6qg2a01xbxzd40ry-texlive-2024-env-texmfdist/tex/generic/pgf/basiclayer/pgfcoreexternal.code.tex
File: pgfcoreexternal.code.tex 2023-01-15 v3.1.10 (3.1.10)
\pgfexternal@startupbox=\box59
) (/nix/store/8syl4l5c0115q6pd6qg2a01xbxzd40ry-texlive-2024-env-texmfdist/tex/generic/pgf/basiclayer/pgfcorelayers.code.tex
File: pgfcorelayers.code.tex 2023-01-15 v3.1.10 (3.1.10)
) (/nix/store/8syl4l5c0115q6pd6qg2a01xbxzd40ry-texlive-2024-env-texmfdist/tex/generic/pgf/basiclayer/pgfcoretransparency.code.tex
File: pgfcoretransparency.code.tex 2023-01-15 v3.1.10 (3.1.10)
) (/nix/store/8syl4l5c0115q6pd6qg2a01xbxzd40ry-texlive-2024-env-texmfdist/tex/generic/pgf/basiclayer/pgfcorepatterns.code.tex
File: pgfcorepatterns.code.tex 2023-01-15 v3.1.10 (3.1.10)
) (/nix/store/8syl4l5c0115q6pd6qg2a01xbxzd40ry-texlive-2024-env-texmfdist/tex/generic/pgf/basiclayer/pgfcorerdf.code.tex
File: pgfcorerdf.code.tex 2023-01-15 v3.1.10 (3.1.10)
))) (/nix/store/8syl4l5c0115q6pd6qg2a01xbxzd40ry-texlive-2024-env-texmfdist/tex/generic/pgf/modules/pgfmoduleshapes.code.tex
File: pgfmoduleshapes.code.tex 2023-01-15 v3.1.10 (3.1.10)
\pgfnodeparttextbox=\box60
) (/nix/store/8syl4l5c0115q6pd6qg2a01xbxzd40ry-texlive-2024-env-texmfdist/tex/generic/pgf/modules/pgfmoduleplot.code.tex
File: pgfmoduleplot.code.tex 2023-01-15 v3.1.10 (3.1.10)
) (/nix/store/8syl4l5c0115q6pd6qg2a01xbxzd40ry-texlive-2024-env-texmfdist/tex/latex/pgf/compatibility/pgfcomp-version-0-65.sty
Package: pgfcomp-version-0-65 2023-01-15 v3.1.10 (3.1.10)
\pgf@nodesepstart=\dimen261
\pgf@nodesepend=\dimen262
) (/nix/store/8syl4l5c0115q6pd6qg2a01xbxzd40ry-texlive-2024-env-texmfdist/tex/latex/pgf/compatibility/pgfcomp-version-1-18.sty
Package: pgfcomp-version-1-18 2023-01-15 v3.1.10 (3.1.10)
)) (/nix/store/8syl4l5c0115q6pd6qg2a01xbxzd40ry-texlive-2024-env-texmfdist/tex/generic/pgf/frontendlayer/tikz/tikz.code.tex
Package: tikz 2023-01-15 v3.1.10 (3.1.10)
 (/nix/store/8syl4l5c0115q6pd6qg2a01xbxzd40ry-texlive-2024-env-texmfdist/tex/generic/pgf/libraries/pgflibraryplothandlers.code.tex
File: pgflibraryplothandlers.code.tex 2023-01-15 v3.1.10 (3.1.10)
\pgf@plot@mark@count=\count300
\pgfplotmarksize=\dimen263
)
\tikz@lastx=\dimen264
\tikz@lasty=\dimen265
\tikz@lastxsaved=\dimen266
\tikz@lastysaved=\dimen267
\tikz@lastmovetox=\dimen268
\tikz@lastmovetoy=\dimen269
\tikzleveldistance=\dimen270
\tikzsiblingdistance=\dimen271
\tikz@figbox=\box61
\tikz@figbox@bg=\box62
\tikz@tempbox=\box63
\tikz@tempbox@bg=\box64
\tikztreelevel=\count301
\tikznumberofchildren=\count302
\tikznumberofcurrentchild=\count303
\tikz@fig@count=\count304

(/nix/store/8syl4l5c0115q6pd6qg2a01xbxzd40ry-texlive-2024-env-texmfdist/tex/generic/pgf/modules/pgfmodulematrix.code.tex
File: pgfmodulematrix.code.tex 2023-01-15 v3.1.10 (3.1.10)
\pgfmatrixcurrentrow=\count305
\pgfmatrixcurrentcolumn=\count306
\pgf@matrix@numberofcolumns=\count307
)
\tikz@expandcount=\count308
 (/nix/store/8syl4l5c0115q6pd6qg2a01xbxzd40ry-texlive-2024-env-texmfdist/tex/generic/pgf/frontendlayer/tikz/libraries/tikzlibrarytopaths.code.tex
File: tikzlibrarytopaths.code.tex 2023-01-15 v3.1.10 (3.1.10)
))) (/nix/store/8syl4l5c0115q6pd6qg2a01xbxzd40ry-texlive-2024-env-texmfdist/tex/generic/pgfplots/pgfplots.code.tex (/nix/store/8syl4l5c0115q6pd6qg2a01xbxzd40ry-texlive-2024-env-texmfdist/tex/generic/pgfplots/pgfplotscore.code.tex
\t@pgfplots@toka=\toks37
\t@pgfplots@tokb=\toks38
\t@pgfplots@tokc=\toks39
\pgfplots@tmpa=\dimen272
\c@pgfplots@coordindex=\count309
\c@pgfplots@scanlineindex=\count310
 (/nix/store/8syl4l5c0115q6pd6qg2a01xbxzd40ry-texlive-2024-env-texmfdist/tex/generic/pgfplots/sys/pgfplotssysgeneric.code.tex)) (/nix/store/8syl4l5c0115q6pd6qg2a01xbxzd40ry-texlive-2024-env-texmfdist/tex/generic/pgfplots/libs/pgfplotslibrary.code.tex) (/nix/store/8syl4l5c0115q6pd6qg2a01xbxzd40ry-texlive-2024-env-texmfdist/tex/generic/pgfplots/oldpgfcompatib/pgfplotsoldpgfsupp_loader.code.tex (/nix/store/8syl4l5c0115q6pd6qg2a01xbxzd40ry-texlive-2024-env-texmfdist/tex/generic/pgf/libraries/pgflibraryfpu.code.tex)
Package pgfplots: loading complementary utilities for your pgf version...
\t@pgf@toka=\toks40
\t@pgf@tokb=\toks41
\t@pgf@tokc=\toks42
(/nix/store/8syl4l5c0115q6pd6qg2a01xbxzd40ry-texlive-2024-env-texmfdist/tex/generic/pgfplots/oldpgfcompatib/pgfplotsoldpgfsupp_pgfutil-common-lists.tex)) (/nix/store/8syl4l5c0115q6pd6qg2a01xbxzd40ry-texlive-2024-env-texmfdist/tex/generic/pgfplots/util/pgfplotsutil.code.tex (/nix/store/8syl4l5c0115q6pd6qg2a01xbxzd40ry-texlive-2024-env-texmfdist/tex/generic/pgfplots/liststructure/pgfplotsliststructure.code.tex) (/nix/store/8syl4l5c0115q6pd6qg2a01xbxzd40ry-texlive-2024-env-texmfdist/tex/generic/pgfplots/liststructure/pgfplotsliststructureext.code.tex) (/nix/store/8syl4l5c0115q6pd6qg2a01xbxzd40ry-texlive-2024-env-texmfdist/tex/generic/pgfplots/liststructure/pgfplotsarray.code.tex
\c@pgfplotsarray@tmp=\count311
) (/nix/store/8syl4l5c0115q6pd6qg2a01xbxzd40ry-texlive-2024-env-texmfdist/tex/generic/pgfplots/liststructure/pgfplotsmatrix.code.tex) (/nix/store/8syl4l5c0115q6pd6qg2a01xbxzd40ry-texlive-2024-env-texmfdist/tex/generic/pgfplots/numtable/pgfplotstableshared.code.tex
\c@pgfplotstable@counta=\count312
\t@pgfplotstable@a=\toks43
) (/nix/store/8syl4l5c0115q6pd6qg2a01xbxzd40ry-texlive-2024-env-texmfdist/tex/generic/pgfplots/liststructure/pgfplotsdeque.code.tex) (/nix/store/8syl4l5c0115q6pd6qg2a01xbxzd40ry-texlive-2024-env-texmfdist/tex/generic/pgfplots/util/pgfplotsbinary.code.tex (/nix/store/8syl4l5c0115q6pd6qg2a01xbxzd40ry-texlive-2024-env-texmfdist/tex/generic/pgfplots/util/pgfplotsbinary.data.code.tex)) (/nix/store/8syl4l5c0115q6pd6qg2a01xbxzd40ry-texlive-2024-env-texmfdist/tex/generic/pgfplots/util/pgfplotsutil.verb.code.tex) (/nix/store/8syl4l5c0115q6pd6qg2a01xbxzd40ry-texlive-2024-env-texmfdist/tex/generic/pgfplots/libs/pgflibrarypgfplots.surfshading.code.tex
\c@pgfplotslibrarysurf@no=\count313
 (/nix/store/8syl4l5c0115q6pd6qg2a01xbxzd40ry-texlive-2024-env-texmfdist/tex/generic/pgfplots/sys/pgflibrarypgfplots.surfshading.pgfsys-pdftex.def))) (/nix/store/8syl4l5c0115q6pd6qg2a01xbxzd40ry-texlive-2024-env-texmfdist/tex/generic/pgfplots/util/pgfplotscolormap.code.tex (/nix/store/8syl4l5c0115q6pd6qg2a01xbxzd40ry-texlive-2024-env-texmfdist/tex/generic/pgfplots/util/pgfplotscolor.code.tex))
(/nix/store/8syl4l5c0115q6pd6qg2a01xbxzd40ry-texlive-2024-env-texmfdist/tex/generic/pgfplots/pgfplotsstackedplots.code.tex) (/nix/store/8syl4l5c0115q6pd6qg2a01xbxzd40ry-texlive-2024-env-texmfdist/tex/generic/pgfplots/pgfplotsplothandlers.code.tex (/nix/store/8syl4l5c0115q6pd6qg2a01xbxzd40ry-texlive-2024-env-texmfdist/tex/generic/pgfplots/pgfplotsmeshplothandler.code.tex (/nix/store/8syl4l5c0115q6pd6qg2a01xbxzd40ry-texlive-2024-env-texmfdist/tex/generic/pgfplots/pgfplotsmeshplotimage.code.tex))) (/nix/store/8syl4l5c0115q6pd6qg2a01xbxzd40ry-texlive-2024-env-texmfdist/tex/generic/pgfplots/pgfplots.scaling.code.tex) (/nix/store/8syl4l5c0115q6pd6qg2a01xbxzd40ry-texlive-2024-env-texmfdist/tex/generic/pgfplots/pgfplotscoordprocessing.code.tex) (/nix/store/8syl4l5c0115q6pd6qg2a01xbxzd40ry-texlive-2024-env-texmfdist/tex/generic/pgfplots/pgfplots.errorbars.code.tex) (/nix/store/8syl4l5c0115q6pd6qg2a01xbxzd40ry-texlive-2024-env-texmfdist/tex/generic/pgfplots/pgfplots.markers.code.tex) (/nix/store/8syl4l5c0115q6pd6qg2a01xbxzd40ry-texlive-2024-env-texmfdist/tex/generic/pgfplots/pgfplotsticks.code.tex) (/nix/store/8syl4l5c0115q6pd6qg2a01xbxzd40ry-texlive-2024-env-texmfdist/tex/generic/pgfplots/pgfplots.paths.code.tex) (/nix/store/8syl4l5c0115q6pd6qg2a01xbxzd40ry-texlive-2024-env-texmfdist/tex/generic/pgf/frontendlayer/tikz/libraries/tikzlibrarydecorations.code.tex (/nix/store/8syl4l5c0115q6pd6qg2a01xbxzd40ry-texlive-2024-env-texmfdist/tex/generic/pgf/modules/pgfmoduledecorations.code.tex
\pgfdecoratedcompleteddistance=\dimen273
\pgfdecoratedremainingdistance=\dimen274
\pgfdecoratedinputsegmentcompleteddistance=\dimen275
\pgfdecoratedinputsegmentremainingdistance=\dimen276
\pgf@decorate@distancetomove=\dimen277
\pgf@decorate@repeatstate=\count314
\pgfdecorationsegmentamplitude=\dimen278
\pgfdecorationsegmentlength=\dimen279
)
\tikz@lib@dec@box=\box65
) (/nix/store/8syl4l5c0115q6pd6qg2a01xbxzd40ry-texlive-2024-env-texmfdist/tex/generic/pgf/frontendlayer/tikz/libraries/tikzlibrarydecorations.pathmorphing.code.tex (/nix/store/8syl4l5c0115q6pd6qg2a01xbxzd40ry-texlive-2024-env-texmfdist/tex/generic/pgf/libraries/decorations/pgflibrarydecorations.pathmorphing.code.tex)) (/nix/store/8syl4l5c0115q6pd6qg2a01xbxzd40ry-texlive-2024-env-texmfdist/tex/generic/pgf/frontendlayer/tikz/libraries/tikzlibrarydecorations.pathreplacing.code.tex
(/nix/store/8syl4l5c0115q6pd6qg2a01xbxzd40ry-texlive-2024-env-texmfdist/tex/generic/pgf/libraries/decorations/pgflibrarydecorations.pathreplacing.code.tex)) (/nix/store/8syl4l5c0115q6pd6qg2a01xbxzd40ry-texlive-2024-env-texmfdist/tex/generic/pgfplots/libs/tikzlibrarypgfplots.contourlua.code.tex)
\pgfplots@numplots=\count315
\pgfplots@xmin@reg=\dimen280
\pgfplots@xmax@reg=\dimen281
\pgfplots@ymin@reg=\dimen282
\pgfplots@ymax@reg=\dimen283
\pgfplots@zmin@reg=\dimen284
\pgfplots@zmax@reg=\dimen285
) (/nix/store/8syl4l5c0115q6pd6qg2a01xbxzd40ry-texlive-2024-env-texmfdist/tex/generic/pgf/frontendlayer/tikz/libraries/tikzlibraryplotmarks.code.tex
File: tikzlibraryplotmarks.code.tex 2023-01-15 v3.1.10 (3.1.10)
 (/nix/store/8syl4l5c0115q6pd6qg2a01xbxzd40ry-texlive-2024-env-texmfdist/tex/generic/pgf/libraries/pgflibraryplotmarks.code.tex
File: pgflibraryplotmarks.code.tex 2023-01-15 v3.1.10 (3.1.10)
))) (/nix/store/8syl4l5c0115q6pd6qg2a01xbxzd40ry-texlive-2024-env-texmfdist/tex/latex/minted/minted.sty
Package: minted 2025/03/06 v3.6.0 Yet another Pygments shim for LaTeX
 (/nix/store/8syl4l5c0115q6pd6qg2a01xbxzd40ry-texlive-2024-env-texmfdist/tex/generic/catchfile/catchfile.sty
Package: catchfile 2019/12/09 v1.8 Catch the contents of a file (HO)
 (/nix/store/8syl4l5c0115q6pd6qg2a01xbxzd40ry-texlive-2024-env-texmfdist/tex/generic/infwarerr/infwarerr.sty
Package: infwarerr 2019/12/03 v1.5 Providing info/warning/error messages (HO)
) (/nix/store/8syl4l5c0115q6pd6qg2a01xbxzd40ry-texlive-2024-env-texmfdist/tex/generic/ltxcmds/ltxcmds.sty
Package: ltxcmds 2023-12-04 v1.26 LaTeX kernel commands for general use (HO)
) (/nix/store/8syl4l5c0115q6pd6qg2a01xbxzd40ry-texlive-2024-env-texmfdist/tex/generic/etexcmds/etexcmds.sty
Package: etexcmds 2019/12/15 v1.7 Avoid name clashes with e-TeX commands (HO)
 (/nix/store/8syl4l5c0115q6pd6qg2a01xbxzd40ry-texlive-2024-env-texmfdist/tex/generic/iftex/iftex.sty
Package: iftex 2024/12/12 v1.0g TeX engine tests
))) (/nix/store/8syl4l5c0115q6pd6qg2a01xbxzd40ry-texlive-2024-env-texmfdist/tex/latex/etoolbox/etoolbox.sty
Package: etoolbox 2025/02/11 v2.5l e-TeX tools for LaTeX (JAW)
\etb@tempcnta=\count316
) (/nix/store/8syl4l5c0115q6pd6qg2a01xbxzd40ry-texlive-2024-env-texmfdist/tex/latex/fvextra/fvextra.sty
Package: fvextra 2025/03/04 v1.12.0 fvextra - extensions and patches for fancyvrb
 (/nix/store/8syl4l5c0115q6pd6qg2a01xbxzd40ry-texlive-2024-env-texmfdist/tex/latex/fancyvrb/fancyvrb.sty
Package: fancyvrb 2024/01/20 4.5c verbatim text (tvz,hv)
\FV@CodeLineNo=\count317
\FV@InFile=\read4
\FV@TabBox=\box66
\c@FancyVerbLine=\count318
\FV@StepNumber=\count319
\FV@OutFile=\write4
) (/nix/store/8syl4l5c0115q6pd6qg2a01xbxzd40ry-texlive-2024-env-texmfdist/tex/generic/pdftexcmds/pdftexcmds.sty
Package: pdftexcmds 2020-06-27 v0.33 Utility functions of pdfTeX for LuaTeX (HO)
Package pdftexcmds Info: \pdf@primitive is available.
Package pdftexcmds Info: \pdf@ifprimitive is available.
Package pdftexcmds Info: \pdfdraftmode found.
) (/nix/store/8syl4l5c0115q6pd6qg2a01xbxzd40ry-texlive-2024-env-texmfdist/tex/latex/upquote/upquote.sty
Package: upquote 2012/04/19 v1.3 upright-quote and grave-accent glyphs in verbatim
 (/nix/store/8syl4l5c0115q6pd6qg2a01xbxzd40ry-texlive-2024-env-texmfdist/tex/latex/base/textcomp.sty
Package: textcomp 2024/04/24 v2.1b Standard LaTeX package
)) (/nix/store/8syl4l5c0115q6pd6qg2a01xbxzd40ry-texlive-2024-env-texmfdist/tex/latex/lineno/lineno.sty
Package: lineno 2025/01/29 line numbers on paragraphs v5.4

(/nix/store/8syl4l5c0115q6pd6qg2a01xbxzd40ry-texlive-2024-env-texmfdist/tex/latex/kvoptions/kvoptions.sty
Package: kvoptions 2022-06-15 v3.15 Key value format for package options (HO)
 (/nix/store/8syl4l5c0115q6pd6qg2a01xbxzd40ry-texlive-2024-env-texmfdist/tex/latex/kvsetkeys/kvsetkeys.sty
Package: kvsetkeys 2022-10-05 v1.19 Key value parser (HO)
))
\linenopenalty=\count320
\output=\toks44
\linenoprevgraf=\count321
\linenumbersep=\dimen286
\linenumberwidth=\dimen287
\c@linenumber=\count322
\c@pagewiselinenumber=\count323
\c@LN@truepage=\count324
\c@internallinenumber=\count325
\c@internallinenumbers=\count326
\quotelinenumbersep=\dimen288
\bframerule=\dimen289
\bframesep=\dimen290
\bframebox=\box67
\@LN@amsmath@ams@eqpen=\count327
LaTeX Info: Redefining \\ on input line 3187.
)
\c@FancyVerbWriteLine=\count328
\c@FancyVerbBufferLine=\count329
\c@FV@TrueTabGroupLevel=\count330
\c@FV@TrueTabCounter=\count331
\FV@TabBox@Group=\box68
\FV@bgcolorstructbox=\box69
\FV@TmpLength=\skip54
\c@FV@HighlightLinesStart=\count332
\c@FV@HighlightLinesStop=\count333
\FV@LoopCount=\count334
\FV@NCharsBox=\box70
\FV@BreakIndent=\dimen291
\FV@BreakIndentNChars=\count335
\FV@BreakSymbolSepLeft=\dimen292
\FV@BreakSymbolSepLeftNChars=\count336
\FV@BreakSymbolSepRight=\dimen293
\FV@BreakSymbolSepRightNChars=\count337
\FV@BreakSymbolIndentLeft=\dimen294
\FV@BreakSymbolIndentLeftNChars=\count338
\FV@BreakSymbolIndentRight=\dimen295
\FV@BreakSymbolIndentRightNChars=\count339
\c@FancyVerbLineBreakLast=\count340
\FV@LineBox=\box71
\FV@LineIndentBox=\box72
\c@FV@BreakBufferDepth=\count341
\FV@LineWidth=\dimen296
) (/nix/store/8syl4l5c0115q6pd6qg2a01xbxzd40ry-texlive-2024-env-texmfdist/tex/latex/latex2pydata/latex2pydata.sty
Package: latex2pydata 2025/03/03 v0.5.0 latex2pydata - write data to file in Python literal format
) (/nix/store/8syl4l5c0115q6pd6qg2a01xbxzd40ry-texlive-2024-env-texmfdist/tex/latex/pgfopts/pgfopts.sty
Package: pgfopts 2014/07/10 v2.1a LaTeX package options with pgfkeys
\pgfopts@list@add@a@toks=\toks45
\pgfopts@list@add@b@toks=\toks46
) (/nix/store/8syl4l5c0115q6pd6qg2a01xbxzd40ry-texlive-2024-env-texmfdist/tex/latex/tools/shellesc.sty
Package: shellesc 2023/07/08 v1.0d unified shell escape interface for LaTeX
Package shellesc Info: Restricted shell escape enabled on input line 77.
) (/nix/store/8syl4l5c0115q6pd6qg2a01xbxzd40ry-texlive-2024-env-texmfdist/tex/latex/float/float.sty
Package: float 2001/11/08 v1.3d Float enhancements (AL)
\c@float@type=\count342
\float@exts=\toks47
\float@box=\box73
\@float@everytoks=\toks48
\@floatcapt=\box74
)
\c@minted@FancyVerbLineTemp=\count343
\@float@every@listing=\toks49
\c@listing=\count344
) (/nix/store/8syl4l5c0115q6pd6qg2a01xbxzd40ry-texlive-2024-env-texmfdist/tex/latex/tools/array.sty
Package: array 2024/10/17 v2.6g Tabular extension package (FMi)
\col@sep=\dimen297
\ar@mcellbox=\box75
\extrarowheight=\dimen298
\NC@list=\toks50
\extratabsurround=\skip55
\backup@length=\skip56
\ar@cellbox=\box76
) (/nix/store/8syl4l5c0115q6pd6qg2a01xbxzd40ry-texlive-2024-env-texmfdist/tex/latex/enumitem/enumitem.sty
Package: enumitem 2025/02/06 v3.11 Customized lists
\labelindent=\skip57
\enit@outerparindent=\dimen299
\enit@toks=\toks51
\enit@inbox=\box77
\enit@count@id=\count345
\enitdp@description=\count346
))
LaTeX Font Info:    Trying to load font information for T1+ptm on input line 6.
 (/nix/store/8syl4l5c0115q6pd6qg2a01xbxzd40ry-texlive-2024-env-texmfdist/tex/latex/psnfss/t1ptm.fd
File: t1ptm.fd 2001/06/04 font definitions for T1/ptm.
) (/nix/store/8syl4l5c0115q6pd6qg2a01xbxzd40ry-texlive-2024-env-texmfdist/tex/latex/l3backend/l3backend-pdftex.def
File: l3backend-pdftex.def 2024-05-08 L3 backend support: PDF output (pdfTeX)
\l__color_backend_stack_int=\count347
\l__pdf_internal_box=\box78
) (./main.aux (./header.aux) (./statement.aux) (./abstract.aux))
\openout1 = `main.aux'.

LaTeX Font Info:    Checking defaults for OML/cmm/m/it on input line 6.
LaTeX Font Info:    ... okay on input line 6.
LaTeX Font Info:    Checking defaults for OMS/cmsy/m/n on input line 6.
LaTeX Font Info:    ... okay on input line 6.
LaTeX Font Info:    Checking defaults for OT1/cmr/m/n on input line 6.
LaTeX Font Info:    ... okay on input line 6.
LaTeX Font Info:    Checking defaults for T1/cmr/m/n on input line 6.
LaTeX Font Info:    ... okay on input line 6.
LaTeX Font Info:    Checking defaults for TS1/cmr/m/n on input line 6.
LaTeX Font Info:    ... okay on input line 6.
LaTeX Font Info:    Checking defaults for OMX/cmex/m/n on input line 6.
LaTeX Font Info:    ... okay on input line 6.
LaTeX Font Info:    Checking defaults for U/cmr/m/n on input line 6.
LaTeX Font Info:    ... okay on input line 6.
 (/nix/store/8syl4l5c0115q6pd6qg2a01xbxzd40ry-texlive-2024-env-texmfdist/tex/context/base/mkii/supp-pdf.mkii
[Loading MPS to PDF converter (version 2006.09.02).]
\scratchcounter=\count348
\scratchdimen=\dimen300
\scratchbox=\box79
\nofMPsegments=\count349
\nofMParguments=\count350
\everyMPshowfont=\toks52
\MPscratchCnt=\count351
\MPscratchDim=\dimen301
\MPnumerator=\count352
\makeMPintoPDFobject=\count353
\everyMPtoPDFconversion=\toks53
) (/nix/store/8syl4l5c0115q6pd6qg2a01xbxzd40ry-texlive-2024-env-texmfdist/tex/latex/epstopdf-pkg/epstopdf-base.sty
Package: epstopdf-base 2020-01-24 v2.11 Base part for package epstopdf
Package epstopdf-base Info: Redefining graphics rule for `.eps' on input line 485.
 (/nix/store/8syl4l5c0115q6pd6qg2a01xbxzd40ry-texlive-2024-env-texmfdist/tex/latex/latexconfig/epstopdf-sys.cfg
File: epstopdf-sys.cfg 2010/07/13 v1.3 Configuration of (r)epstopdf for TeX Live
))
Package pgfplots notification 'compat/show suggested version=true': document has been generated with the most recent feature set (\pgfplotsset{compat=1.18}).

\openout2 = `header.aux'.

(./header.tex
<./images///politechnika_logo.png, id=4, 502.87875pt x 513.92pt>
File: ./images///politechnika_logo.png Graphic file (type png)
<use ./images///politechnika_logo.png>
Package pdftex.def Info: ./images///politechnika_logo.png  used on input line 10.
(pdftex.def)             Requested size: 154.35889pt x 157.7452pt.
)

[0


{/nix/store/ryyrqxn8yhag0jkp7sy5gzgr600pwwj9-texlive-2024-env/share/texmf-var/fonts/map/pdftex/updmap/pdftex.map}{/nix/store/8syl4l5c0115q6pd6qg2a01xbxzd40ry-texlive-2024-env-texmfdist/fonts/enc/dvips/base/8r.enc} <./images///politechnika_logo.png>]
\openout2 = `statement.aux'.

 (./statement.tex
Underfull \hbox (badness 10000) in paragraph at lines 26--29

 []


Underfull \hbox (badness 10000) in paragraph at lines 36--38

 []

LaTeX Font Info:    Trying to load font information for OT1+ztmcm on input line 39.
(/nix/store/8syl4l5c0115q6pd6qg2a01xbxzd40ry-texlive-2024-env-texmfdist/tex/latex/psnfss/ot1ztmcm.fd
File: ot1ztmcm.fd 2000/01/03 Fontinst v1.801 font definitions for OT1/ztmcm.
)
LaTeX Font Info:    Trying to load font information for OML+ztmcm on input line 39.
 (/nix/store/8syl4l5c0115q6pd6qg2a01xbxzd40ry-texlive-2024-env-texmfdist/tex/latex/psnfss/omlztmcm.fd
File: omlztmcm.fd 2000/01/03 Fontinst v1.801 font definitions for OML/ztmcm.
)
LaTeX Font Info:    Trying to load font information for OMS+ztmcm on input line 39.
 (/nix/store/8syl4l5c0115q6pd6qg2a01xbxzd40ry-texlive-2024-env-texmfdist/tex/latex/psnfss/omsztmcm.fd
File: omsztmcm.fd 2000/01/03 Fontinst v1.801 font definitions for OMS/ztmcm.
)
LaTeX Font Info:    Trying to load font information for OMX+ztmcm on input line 39.
 (/nix/store/8syl4l5c0115q6pd6qg2a01xbxzd40ry-texlive-2024-env-texmfdist/tex/latex/psnfss/omxztmcm.fd
File: omxztmcm.fd 2000/01/03 Fontinst v1.801 font definitions for OMX/ztmcm.
)
LaTeX Font Info:    Trying to load font information for OT1+ptm on input line 39.
 (/nix/store/8syl4l5c0115q6pd6qg2a01xbxzd40ry-texlive-2024-env-texmfdist/tex/latex/psnfss/ot1ptm.fd
File: ot1ptm.fd 2001/06/04 font definitions for OT1/ptm.
)
LaTeX Font Info:    Font shape `OT1/ptm/bx/n' in size <12> not available
(Font)              Font shape `OT1/ptm/b/n' tried instead on input line 39.
LaTeX Font Info:    Font shape `OT1/ptm/bx/n' in size <9> not available
(Font)              Font shape `OT1/ptm/b/n' tried instead on input line 39.
LaTeX Font Info:    Font shape `OT1/ptm/bx/n' in size <7> not available
(Font)              Font shape `OT1/ptm/b/n' tried instead on input line 39.
)

[1




]
\openout2 = `abstract.aux'.

 (./abstract.tex)

[2




] (./main.toc
LaTeX Font Info:    Font shape `OT1/ptm/bx/n' in size <10> not available
(Font)              Font shape `OT1/ptm/b/n' tried instead on input line 3.
LaTeX Font Info:    Font shape `OT1/ptm/bx/n' in size <7.4> not available
(Font)              Font shape `OT1/ptm/b/n' tried instead on input line 3.
LaTeX Font Info:    Font shape `OT1/ptm/bx/n' in size <6> not available
(Font)              Font shape `OT1/ptm/b/n' tried instead on input line 3.
)
\tf@toc=\write5
\openout5 = `main.toc'.



[3



]

[4

] (./main.lof)
\tf@lof=\write6
\openout6 = `main.lof'.



[5

] (./main.lot)
\tf@lot=\write7
\openout7 = `main.lot'.



[6

] (./main.bbl

LaTeX Warning: Empty `thebibliography' environment on input line 3.

)

[7

]
runsystem(latexminted cleantemp  --timestamp 20251210143819 FAD58DE7366495DB4650CFEFAC2FCD61)...executed safely (allowed).

 (./main.aux (./header.aux) (./statement.aux) (./abstract.aux))
 ***********
LaTeX2e <2024-11-01> patch level 2
L3 programming layer <2025-01-18>
 ***********
 ) 
Here is how much of TeX's memory you used:
 29822 strings out of 473203
 775137 string characters out of 5692202
 1329651 words of memory out of 5000000
 52552 multiletter control sequences out of 15000+600000
 607567 words of font info for 105 fonts, out of 8000000 for 9000
 1141 hyphenation exceptions out of 8191
 104i,9n,110p,744b,609s stack positions out of 10000i,1000n,20000p,200000b,200000s
</nix/store/8syl4l5c0115q6pd6qg2a01xbxzd40ry-texlive-2024-env-texmfdist/fonts/type1/urw/times/utmb8a.pfb></nix/store/8syl4l5c0115q6pd6qg2a01xbxzd40ry-texlive-2024-env-texmfdist/fonts/type1/urw/times/utmr8a.pfb>
Output written on main.pdf (8 pages, 201829 bytes).
PDF statistics:
 46 PDF objects out of 1000 (max. 8388607)
 30 compressed objects within 1 object stream
 0 named destinations out of 1000 (max. 500000)
 18 words of extra memory for PDF output out of 10000 (max. 10000000)

